2023-07-20T11:55:52.146-03:00  INFO 18860 --- [restartedMain] c.bank.BankSpring.BankSpringApplication  : Starting BankSpringApplication using Java 19.0.2 with PID 18860 (C:\Users\santo\OneDrive\Documentos\IntelliJ Projects\BankSpring\target\classes started by santo in C:\Users\santo\OneDrive\Documentos\IntelliJ Projects\BankSpring)
2023-07-20T11:55:52.148-03:00  INFO 18860 --- [restartedMain] c.bank.BankSpring.BankSpringApplication  : No active profile set, falling back to 1 default profile: "default"
2023-07-20T11:55:52.812-03:00  INFO 18860 --- [restartedMain] com.zaxxer.hikari.HikariDataSource       : HikariPool-1 - Starting...
2023-07-20T11:55:53.030-03:00  INFO 18860 --- [restartedMain] com.zaxxer.hikari.pool.HikariPool        : HikariPool-1 - Added connection com.mysql.cj.jdbc.ConnectionImpl@36f71a0b
2023-07-20T11:55:53.032-03:00  INFO 18860 --- [restartedMain] com.zaxxer.hikari.HikariDataSource       : HikariPool-1 - Start completed.
2023-07-20T11:55:53.057-03:00  INFO 18860 --- [restartedMain] o.hibernate.jpa.internal.util.LogHelper  : HHH000204: Processing PersistenceUnitInfo [name: default]
2023-07-20T11:55:53.084-03:00  INFO 18860 --- [restartedMain] org.hibernate.Version                    : HHH000412: Hibernate ORM core version 6.2.6.Final
2023-07-20T11:55:53.086-03:00  INFO 18860 --- [restartedMain] org.hibernate.cfg.Environment            : HHH000406: Using bytecode reflection optimizer
2023-07-20T11:55:53.167-03:00  INFO 18860 --- [restartedMain] o.h.b.i.BytecodeProviderInitiator        : HHH000021: Bytecode provider name : bytebuddy
2023-07-20T11:55:53.492-03:00  INFO 18860 --- [restartedMain] o.h.b.i.BytecodeProviderInitiator        : HHH000021: Bytecode provider name : bytebuddy
2023-07-20T11:55:53.832-03:00  INFO 18860 --- [restartedMain] o.h.e.t.j.p.i.JtaPlatformInitiator       : HHH000490: Using JtaPlatform implementation: [org.hibernate.engine.transaction.jta.platform.internal.NoJtaPlatform]
2023-07-20T11:55:54.043-03:00  INFO 18860 --- [restartedMain] c.bank.BankSpring.BankSpringApplication  : Started BankSpringApplication in 2.229 seconds (process running for 2.861)
2023-07-20T11:55:54.051-03:00  INFO 18860 --- [SpringApplicationShutdownHook] com.zaxxer.hikari.HikariDataSource       : HikariPool-1 - Shutdown initiated...
2023-07-20T11:55:54.057-03:00  INFO 18860 --- [SpringApplicationShutdownHook] com.zaxxer.hikari.HikariDataSource       : HikariPool-1 - Shutdown completed.
2023-07-20T11:56:08.135-03:00  INFO 9952 --- [restartedMain] c.bank.BankSpring.BankSpringApplication  : Starting BankSpringApplication using Java 19.0.2 with PID 9952 (C:\Users\santo\OneDrive\Documentos\IntelliJ Projects\BankSpring\target\classes started by santo in C:\Users\santo\OneDrive\Documentos\IntelliJ Projects\BankSpring)
2023-07-20T11:56:08.137-03:00  INFO 9952 --- [restartedMain] c.bank.BankSpring.BankSpringApplication  : No active profile set, falling back to 1 default profile: "default"
2023-07-20T11:56:08.175-03:00  INFO 9952 --- [restartedMain] .e.DevToolsPropertyDefaultsPostProcessor : Devtools property defaults active! Set 'spring.devtools.add-properties' to 'false' to disable
2023-07-20T11:56:08.491-03:00  INFO 9952 --- [restartedMain] .s.d.r.c.RepositoryConfigurationDelegate : Bootstrapping Spring Data JPA repositories in DEFAULT mode.
2023-07-20T11:56:08.523-03:00  INFO 9952 --- [restartedMain] .s.d.r.c.RepositoryConfigurationDelegate : Finished Spring Data repository scanning in 28 ms. Found 1 JPA repository interfaces.
2023-07-20T11:56:08.721-03:00  INFO 9952 --- [restartedMain] com.zaxxer.hikari.HikariDataSource       : HikariPool-1 - Starting...
2023-07-20T11:56:08.922-03:00  INFO 9952 --- [restartedMain] com.zaxxer.hikari.pool.HikariPool        : HikariPool-1 - Added connection com.mysql.cj.jdbc.ConnectionImpl@494fad6f
2023-07-20T11:56:08.923-03:00  INFO 9952 --- [restartedMain] com.zaxxer.hikari.HikariDataSource       : HikariPool-1 - Start completed.
2023-07-20T11:56:08.955-03:00  INFO 9952 --- [restartedMain] o.hibernate.jpa.internal.util.LogHelper  : HHH000204: Processing PersistenceUnitInfo [name: default]
2023-07-20T11:56:08.984-03:00  INFO 9952 --- [restartedMain] org.hibernate.Version                    : HHH000412: Hibernate ORM core version 6.2.6.Final
2023-07-20T11:56:08.985-03:00  INFO 9952 --- [restartedMain] org.hibernate.cfg.Environment            : HHH000406: Using bytecode reflection optimizer
2023-07-20T11:56:09.075-03:00  INFO 9952 --- [restartedMain] o.h.b.i.BytecodeProviderInitiator        : HHH000021: Bytecode provider name : bytebuddy
2023-07-20T11:56:09.186-03:00  INFO 9952 --- [restartedMain] o.s.o.j.p.SpringPersistenceUnitInfo      : No LoadTimeWeaver setup: ignoring JPA class transformer
2023-07-20T11:56:09.386-03:00  INFO 9952 --- [restartedMain] o.h.b.i.BytecodeProviderInitiator        : HHH000021: Bytecode provider name : bytebuddy
2023-07-20T11:56:09.749-03:00  INFO 9952 --- [restartedMain] o.h.e.t.j.p.i.JtaPlatformInitiator       : HHH000490: Using JtaPlatform implementation: [org.hibernate.engine.transaction.jta.platform.internal.NoJtaPlatform]
2023-07-20T11:56:09.751-03:00  INFO 9952 --- [restartedMain] j.LocalContainerEntityManagerFactoryBean : Initialized JPA EntityManagerFactory for persistence unit 'default'
2023-07-20T11:56:09.940-03:00  INFO 9952 --- [restartedMain] o.s.b.d.a.OptionalLiveReloadServer       : LiveReload server is running on port 35729
2023-07-20T11:56:09.952-03:00  INFO 9952 --- [restartedMain] c.bank.BankSpring.BankSpringApplication  : Started BankSpringApplication in 2.129 seconds (process running for 2.645)
2023-07-20T11:56:09.963-03:00  INFO 9952 --- [SpringApplicationShutdownHook] j.LocalContainerEntityManagerFactoryBean : Closing JPA EntityManagerFactory for persistence unit 'default'
2023-07-20T11:56:09.967-03:00  INFO 9952 --- [SpringApplicationShutdownHook] com.zaxxer.hikari.HikariDataSource       : HikariPool-1 - Shutdown initiated...
2023-07-20T11:56:09.975-03:00  INFO 9952 --- [SpringApplicationShutdownHook] com.zaxxer.hikari.HikariDataSource       : HikariPool-1 - Shutdown completed.
